<?xml version="1.0" encoding="UTF-8"?>
<!-- Generated by org.testng.reporters.JUnitReportReporter -->
<testsuite skipped="0" hostname="PC201606011209" name="com.demo.qa.rest_api_test.HTTPReqGenTest" tests="1" failures="0" timestamp="21 三月 2017 01:46:55 GMT" time="2.231" errors="0">
  <testcase name="api_test" time="2.231" classname="com.demo.qa.rest_api_test.HTTPReqGenTest"/>
</testsuite> <!-- com.demo.qa.rest_api_test.HTTPReqGenTest -->
