<?xml version="1.0" encoding="UTF-8"?>
<!-- Generated by org.testng.reporters.JUnitReportReporter -->
<testsuite skipped="0" hostname="PC201606011209" name="com.demo.qa.rest_api_test.TestBefore" tests="2" failures="0" timestamp="21 三月 2017 02:49:53 GMT" time="0.010" errors="0">
  <testcase name="testFuncOne" time="0.009" classname="com.demo.qa.rest_api_test.TestBefore"/>
  <testcase name="testFuncTwo" time="0.001" classname="com.demo.qa.rest_api_test.TestBefore"/>
</testsuite> <!-- com.demo.qa.rest_api_test.TestBefore -->
